<?xml version="1.0" encoding="UTF-8"?>
<robot generator="Robot 6.0.2 (Python 3.11.3 on win32)" generated="20230620 12:47:40.401" rpa="false" schemaversion="3">
<suite id="s1" name="Case3" source="D:\Study\Automation\TestProject\Testcases\case3.robot">
<test id="s1-t1" name="LoginTest" line="11">
<kw name="Open Browser" library="SeleniumLibrary">
<arg>${url}</arg>
<arg>${browser}</arg>
<doc>Opens a new browser instance to the optional ``url``.</doc>
<msg timestamp="20230620 12:47:40.751" level="INFO">Opening browser 'chrome' to base url 'https://demo.nopcommerce.com/'.</msg>
<status status="PASS" starttime="20230620 12:47:40.750" endtime="20230620 12:47:43.391"/>
</kw>
<kw name="LoginToBrowser">
<kw name="Click Link" library="SeleniumLibrary">
<arg>xpath:/html/body/div[6]/div[1]/div[1]/div[2]/div[1]/ul/li[2]/a</arg>
<doc>Clicks a link identified by ``locator``.</doc>
<msg timestamp="20230620 12:47:43.393" level="INFO">Clicking link 'xpath:/html/body/div[6]/div[1]/div[1]/div[2]/div[1]/ul/li[2]/a'.</msg>
<status status="PASS" starttime="20230620 12:47:43.392" endtime="20230620 12:47:44.127"/>
</kw>
<kw name="Input Text" library="SeleniumLibrary">
<arg>id:Email</arg>
<arg>deniyalsubaran@gmail.com</arg>
<doc>Types the given ``text`` into the text field identified by ``locator``.</doc>
<msg timestamp="20230620 12:47:44.130" level="INFO">Typing text 'deniyalsubaran@gmail.com' into text field 'id:Email'.</msg>
<status status="PASS" starttime="20230620 12:47:44.128" endtime="20230620 12:47:44.327"/>
</kw>
<kw name="Input Text" library="SeleniumLibrary">
<arg>id:Password</arg>
<arg>9852071834</arg>
<doc>Types the given ``text`` into the text field identified by ``locator``.</doc>
<msg timestamp="20230620 12:47:44.328" level="INFO">Typing text '9852071834' into text field 'id:Password'.</msg>
<status status="PASS" starttime="20230620 12:47:44.327" endtime="20230620 12:47:44.488"/>
</kw>
<kw name="Click Element" library="SeleniumLibrary">
<arg>xpath:/html/body/div[6]/div[3]/div/div/div/div[2]/div[1]/div[2]/form/div[3]/button</arg>
<doc>Click the element identified by ``locator``.</doc>
<msg timestamp="20230620 12:47:44.489" level="INFO">Clicking element 'xpath:/html/body/div[6]/div[3]/div/div/div/div[2]/div[1]/div[2]/form/div[3]/button'.</msg>
<status status="PASS" starttime="20230620 12:47:44.488" endtime="20230620 12:47:45.530"/>
</kw>
<kw name="Sleep" library="BuiltIn">
<arg>30</arg>
<doc>Pauses the test executed for the given time.</doc>
<msg timestamp="20230620 12:48:15.530" level="INFO">Slept 30 seconds</msg>
<status status="PASS" starttime="20230620 12:47:45.530" endtime="20230620 12:48:15.530"/>
</kw>
<status status="PASS" starttime="20230620 12:47:43.392" endtime="20230620 12:48:15.530"/>
</kw>
<kw name="Close Browser" library="SeleniumLibrary">
<doc>Closes the current browser.</doc>
<status status="PASS" starttime="20230620 12:48:15.535" endtime="20230620 12:48:17.827"/>
</kw>
<status status="PASS" starttime="20230620 12:47:40.749" endtime="20230620 12:48:17.828"/>
</test>
<status status="PASS" starttime="20230620 12:47:40.404" endtime="20230620 12:48:17.832"/>
</suite>
<statistics>
<total>
<stat pass="1" fail="0" skip="0">All Tests</stat>
</total>
<tag>
</tag>
<suite>
<stat pass="1" fail="0" skip="0" id="s1" name="Case3">Case3</stat>
</suite>
</statistics>
<errors>
</errors>
</robot>
